This is pdfTeXk, Version 3.141592-1.40.3 (Web2C 7.5.6) (format=latex 2008.9.24)  29 SEP 2008 16:16
entering extended mode
 %&-line parsing enabled.
**commandes.tex
(./commandes.tex
LaTeX2e <2005/12/01>
Babel <v3.8h> and hyphenation patterns for english, usenglishmax, dumylang, noh
yphenation, basque, french, loaded.
)
! Emergency stop.
<*> commandes.tex
                 
*** (job aborted, no legal \end found)

 
Here is how much of TeX's memory you used:
 14 strings out of 95064
 215 string characters out of 1182633
 45059 words of memory out of 1500000
 3296 multiletter control sequences out of 10000+50000
 3640 words of font info for 14 fonts, out of 1200000 for 2000
 28 hyphenation exceptions out of 8191
 7i,0n,6p,107b,8s stack positions out of 5000i,500n,6000p,200000b,5000s
No pages of output.
