\BOOKMARK [0][-]{chapter.1}{Introduction}{}
\BOOKMARK [0][-]{chapter.2}{Sp\351cifications}{}
\BOOKMARK [1][-]{section.2.1}{Sp\351cification fonctionnelle}{chapter.2}
\BOOKMARK [2][-]{subsection.2.1.1}{Pr\351sentation}{section.2.1}
\BOOKMARK [2][-]{subsection.2.1.2}{Processus d'obtention des donn\351es}{section.2.1}
\BOOKMARK [2][-]{subsection.2.1.3}{Processus d'int\351gration des donn\351es et base de donn\351es associ\351e}{section.2.1}
\BOOKMARK [2][-]{subsection.2.1.4}{Processus d'agr\351gation et de pr\351paration des donn\351es, base de donn\351es associ\351e et calcul des taux d'\351volution}{section.2.1}
\BOOKMARK [2][-]{subsection.2.1.5}{Processus de maintenance de la base}{section.2.1}
\BOOKMARK [1][-]{section.2.2}{R\364le et identification des diff\351rents fichiers}{chapter.2}
\BOOKMARK [2][-]{subsection.2.2.1}{Pr\351sentation}{section.2.2}
\BOOKMARK [2][-]{subsection.2.2.2}{Bases de donn\351es}{section.2.2}
\BOOKMARK [2][-]{subsection.2.2.3}{Processus d'obtention des donn\351es}{section.2.2}
\BOOKMARK [2][-]{subsection.2.2.4}{Processus d'int\351gration des donn\351es}{section.2.2}
\BOOKMARK [2][-]{subsection.2.2.5}{Processus d'agr\351gation, de pr\351paration des donn\351es et calcul des taux d'\351volution}{section.2.2}
\BOOKMARK [0][-]{chapter.3}{Maintenance de l'application}{}
\BOOKMARK [1][-]{section.3.1}{Comment arr\352ter la situation \340 une date choisie}{chapter.3}
\BOOKMARK [1][-]{section.3.2}{Comment ajouter une situation}{chapter.3}
\BOOKMARK [1][-]{section.3.3}{Comment ajouter ou r\351parer un robot?}{chapter.3}
\BOOKMARK [1][-]{section.3.4}{Comment v\351rifier les r\351sultats?}{chapter.3}
\BOOKMARK [1][-]{section.3.5}{Comment traiter les OST/Changement ISIN?}{chapter.3}
\BOOKMARK [1][-]{section.3.6}{Comment s'occuper du flux?}{chapter.3}
\BOOKMARK [1][-]{section.3.7}{A quelle heure peut on v\351rifier les donn\351es?}{chapter.3}
\BOOKMARK [0][-]{chapter.4}{Conclusion}{}
\BOOKMARK [0][-]{appendix.A}{Annexes}{}
\BOOKMARK [1][-]{section.A.1}{Fournisseurs agr\351g\351s}{appendix.A}
\BOOKMARK [2][-]{subsection.A.1.1}{Class\351s par ordre alphab\351tique}{section.A.1}
\BOOKMARK [2][-]{subsection.A.1.2}{Class\351s par priorit\351 d\351croissante}{section.A.1}
